Connecting to database specified by database.yml
  [1m[36m (0.1ms)[0m  [1mselect sqlite_version(*)[0m
  [1m[35m (537.7ms)[0m  CREATE TABLE "schema_migrations" ("version" varchar(255) NOT NULL) 
  [1m[36m (408.0ms)[0m  [1mCREATE UNIQUE INDEX "unique_schema_migrations" ON "schema_migrations" ("version")[0m
  [1m[35m (0.1ms)[0m  SELECT "schema_migrations"."version" FROM "schema_migrations" 
Migrating to CreateMovies (20111119180638)
  [1m[36m (0.0ms)[0m  [1mbegin transaction[0m
  [1m[35m (0.3ms)[0m  CREATE TABLE "movies" ("id" INTEGER PRIMARY KEY AUTOINCREMENT NOT NULL, "title" varchar(255), "rating" varchar(255), "description" text, "release_date" datetime, "created_at" datetime NOT NULL, "updated_at" datetime NOT NULL) 
  [1m[36m (0.1ms)[0m  [1mINSERT INTO "schema_migrations" ("version") VALUES ('20111119180638')[0m
  [1m[35m (304.3ms)[0m  commit transaction
  [1m[36m (0.1ms)[0m  [1mSELECT "schema_migrations"."version" FROM "schema_migrations" [0m
Connecting to database specified by database.yml
  [1m[36m (0.1ms)[0m  [1mSELECT "schema_migrations"."version" FROM "schema_migrations" [0m
  [1m[35m (0.1ms)[0m  begin transaction
  [1m[36mSQL (8.2ms)[0m  [1mINSERT INTO "movies" ("created_at", "description", "rating", "release_date", "title", "updated_at") VALUES (?, ?, ?, ?, ?, ?)[0m  [["created_at", Fri, 27 Mar 2015 22:28:12 UTC +00:00], ["description", nil], ["rating", "G"], ["release_date", Wed, 25 Nov 1992 00:00:00 UTC +00:00], ["title", "Aladdin"], ["updated_at", Fri, 27 Mar 2015 22:28:12 UTC +00:00]]
  [1m[35m (482.7ms)[0m  commit transaction
  [1m[36m (0.1ms)[0m  [1mbegin transaction[0m
  [1m[35mSQL (0.7ms)[0m  INSERT INTO "movies" ("created_at", "description", "rating", "release_date", "title", "updated_at") VALUES (?, ?, ?, ?, ?, ?)  [["created_at", Fri, 27 Mar 2015 22:28:12 UTC +00:00], ["description", nil], ["rating", "R"], ["release_date", Fri, 26 Oct 1984 00:00:00 UTC +00:00], ["title", "The Terminator"], ["updated_at", Fri, 27 Mar 2015 22:28:12 UTC +00:00]]
  [1m[36m (353.7ms)[0m  [1mcommit transaction[0m
  [1m[35m (0.1ms)[0m  begin transaction
  [1m[36mSQL (0.8ms)[0m  [1mINSERT INTO "movies" ("created_at", "description", "rating", "release_date", "title", "updated_at") VALUES (?, ?, ?, ?, ?, ?)[0m  [["created_at", Fri, 27 Mar 2015 22:28:13 UTC +00:00], ["description", nil], ["rating", "R"], ["release_date", Fri, 21 Jul 1989 00:00:00 UTC +00:00], ["title", "When Harry Met Sally"], ["updated_at", Fri, 27 Mar 2015 22:28:13 UTC +00:00]]
  [1m[35m (363.8ms)[0m  commit transaction
  [1m[36m (0.1ms)[0m  [1mbegin transaction[0m
  [1m[35mSQL (0.8ms)[0m  INSERT INTO "movies" ("created_at", "description", "rating", "release_date", "title", "updated_at") VALUES (?, ?, ?, ?, ?, ?)  [["created_at", Fri, 27 Mar 2015 22:28:13 UTC +00:00], ["description", nil], ["rating", "PG-13"], ["release_date", Wed, 10 Aug 2011 00:00:00 UTC +00:00], ["title", "The Help"], ["updated_at", Fri, 27 Mar 2015 22:28:13 UTC +00:00]]
  [1m[36m (321.0ms)[0m  [1mcommit transaction[0m
  [1m[35m (0.1ms)[0m  begin transaction
  [1m[36mSQL (0.8ms)[0m  [1mINSERT INTO "movies" ("created_at", "description", "rating", "release_date", "title", "updated_at") VALUES (?, ?, ?, ?, ?, ?)[0m  [["created_at", Fri, 27 Mar 2015 22:28:14 UTC +00:00], ["description", nil], ["rating", "PG-13"], ["release_date", Fri, 05 Jan 2001 00:00:00 UTC +00:00], ["title", "Chocolat"], ["updated_at", Fri, 27 Mar 2015 22:28:14 UTC +00:00]]
  [1m[35m (312.6ms)[0m  commit transaction
  [1m[36m (0.1ms)[0m  [1mbegin transaction[0m
  [1m[35mSQL (0.3ms)[0m  INSERT INTO "movies" ("created_at", "description", "rating", "release_date", "title", "updated_at") VALUES (?, ?, ?, ?, ?, ?)  [["created_at", Fri, 27 Mar 2015 22:28:14 UTC +00:00], ["description", nil], ["rating", "R"], ["release_date", Wed, 25 Apr 2001 00:00:00 UTC +00:00], ["title", "Amelie"], ["updated_at", Fri, 27 Mar 2015 22:28:14 UTC +00:00]]
  [1m[36m (357.6ms)[0m  [1mcommit transaction[0m
  [1m[35m (0.2ms)[0m  begin transaction
  [1m[36mSQL (0.9ms)[0m  [1mINSERT INTO "movies" ("created_at", "description", "rating", "release_date", "title", "updated_at") VALUES (?, ?, ?, ?, ?, ?)[0m  [["created_at", Fri, 27 Mar 2015 22:28:14 UTC +00:00], ["description", nil], ["rating", "G"], ["release_date", Sat, 06 Apr 1968 00:00:00 UTC +00:00], ["title", "2001: A Space Odyssey"], ["updated_at", Fri, 27 Mar 2015 22:28:14 UTC +00:00]]
  [1m[35m (360.7ms)[0m  commit transaction
  [1m[36m (0.1ms)[0m  [1mbegin transaction[0m
  [1m[35mSQL (0.8ms)[0m  INSERT INTO "movies" ("created_at", "description", "rating", "release_date", "title", "updated_at") VALUES (?, ?, ?, ?, ?, ?)  [["created_at", Fri, 27 Mar 2015 22:28:15 UTC +00:00], ["description", nil], ["rating", "PG"], ["release_date", Fri, 05 Nov 2004 00:00:00 UTC +00:00], ["title", "The Incredibles"], ["updated_at", Fri, 27 Mar 2015 22:28:15 UTC +00:00]]
  [1m[36m (321.1ms)[0m  [1mcommit transaction[0m
  [1m[35m (0.1ms)[0m  begin transaction
  [1m[36mSQL (0.4ms)[0m  [1mINSERT INTO "movies" ("created_at", "description", "rating", "release_date", "title", "updated_at") VALUES (?, ?, ?, ?, ?, ?)[0m  [["created_at", Fri, 27 Mar 2015 22:28:15 UTC +00:00], ["description", nil], ["rating", "PG"], ["release_date", Fri, 12 Jun 1981 00:00:00 UTC +00:00], ["title", "Raiders of the Lost Ark"], ["updated_at", Fri, 27 Mar 2015 22:28:15 UTC +00:00]]
  [1m[35m (397.6ms)[0m  commit transaction
  [1m[36m (0.1ms)[0m  [1mbegin transaction[0m
  [1m[35mSQL (0.5ms)[0m  INSERT INTO "movies" ("created_at", "description", "rating", "release_date", "title", "updated_at") VALUES (?, ?, ?, ?, ?, ?)  [["created_at", Fri, 27 Mar 2015 22:28:15 UTC +00:00], ["description", nil], ["rating", "G"], ["release_date", Wed, 21 Jun 2000 00:00:00 UTC +00:00], ["title", "Chicken Run"], ["updated_at", Fri, 27 Mar 2015 22:28:15 UTC +00:00]]
  [1m[36m (371.6ms)[0m  [1mcommit transaction[0m


Started GET "/assets/rails.png" for 127.0.0.1 at 2015-03-27 18:30:10 -0400
Connecting to database specified by database.yml
Served asset /rails.png - 200 OK (47ms)


Started GET "/movies" for 127.0.0.1 at 2015-03-27 18:30:22 -0400
Processing by MoviesController#index as HTML
  [1m[36mMovie Load (0.2ms)[0m  [1mSELECT "movies".* FROM "movies" [0m
  Rendered movies/index.html.haml within layouts/application (13.1ms)
Compiled application.css  (0ms)  (pid 18939)
Compiled jquery.js  (4ms)  (pid 18939)
Compiled jquery_ujs.js  (0ms)  (pid 18939)
Compiled application.js  (35ms)  (pid 18939)
Completed 200 OK in 319.1ms (Views: 298.5ms | ActiveRecord: 1.1ms)


Started GET "/assets/application.css?body=1" for 127.0.0.1 at 2015-03-27 18:30:22 -0400
Served asset /application.css - 200 OK (7ms)


Started GET "/assets/jquery.js?body=1" for 127.0.0.1 at 2015-03-27 18:30:22 -0400
Served asset /jquery.js - 200 OK (6ms)


Started GET "/assets/jquery_ujs.js?body=1" for 127.0.0.1 at 2015-03-27 18:30:22 -0400
Served asset /jquery_ujs.js - 200 OK (4ms)


Started GET "/assets/application.js?body=1" for 127.0.0.1 at 2015-03-27 18:30:22 -0400
Served asset /application.js - 200 OK (4ms)


Started GET "/movies/1" for 127.0.0.1 at 2015-03-27 18:30:35 -0400
Processing by MoviesController#show as HTML
  Parameters: {"id"=>"1"}
  [1m[35mMovie Load (0.3ms)[0m  SELECT "movies".* FROM "movies" WHERE "movies"."id" = ? LIMIT 1  [["id", "1"]]
  Rendered movies/show.html.haml within layouts/application (7.8ms)
Completed 200 OK in 17.5ms (Views: 15.6ms | ActiveRecord: 0.3ms)


Started GET "/assets/application.css?body=1" for 127.0.0.1 at 2015-03-27 18:30:35 -0400
Served asset /application.css - 304 Not Modified (0ms)


Started GET "/assets/jquery.js?body=1" for 127.0.0.1 at 2015-03-27 18:30:35 -0400
Served asset /jquery.js - 304 Not Modified (5ms)


Started GET "/assets/jquery_ujs.js?body=1" for 127.0.0.1 at 2015-03-27 18:30:35 -0400
Served asset /jquery_ujs.js - 304 Not Modified (0ms)


Started GET "/assets/application.js?body=1" for 127.0.0.1 at 2015-03-27 18:30:35 -0400
Served asset /application.js - 304 Not Modified (1ms)


Started GET "/movies" for 127.0.0.1 at 2015-03-27 21:52:23 -0400
Connecting to database specified by database.yml
Processing by MoviesController#index as HTML


Started GET "/assets/rails.png" for 127.0.0.1 at 2015-03-27 22:00:33 -0400
Connecting to database specified by database.yml
Served asset /rails.png - 200 OK (182ms)


Started GET "/movies" for 127.0.0.1 at 2015-03-27 22:00:54 -0400
Processing by MoviesController#index as HTML
Completed 500 Internal Server Error in 55.7ms

NoMethodError (undefined method `get_all_ratings' for #<Class:0xb5ddb598>):
  app/controllers/movies_controller.rb:12:in `index'


  Rendered /usr/local/lib/ruby/gems/2.1.0/gems/actionpack-3.2.18/lib/action_dispatch/middleware/templates/rescues/_trace.erb (2.6ms)
  Rendered /usr/local/lib/ruby/gems/2.1.0/gems/actionpack-3.2.18/lib/action_dispatch/middleware/templates/rescues/_request_and_response.erb (1.0ms)
  Rendered /usr/local/lib/ruby/gems/2.1.0/gems/actionpack-3.2.18/lib/action_dispatch/middleware/templates/rescues/diagnostics.erb within rescues/layout (14.5ms)


Started GET "/movies" for 127.0.0.1 at 2015-03-27 22:03:26 -0400
Processing by MoviesController#index as HTML
  [1m[36mMovie Load (0.1ms)[0m  [1mSELECT DISTINCT rating FROM "movies" [0m
  [1m[35mMovie Load (0.6ms)[0m  SELECT "movies".* FROM "movies" WHERE "movies"."rating" IN ('G', 'R', 'PG-13', 'PG')
  Rendered movies/index.html.haml within layouts/application (48.0ms)
Compiled application.css  (1ms)  (pid 21671)
Completed 200 OK in 338.2ms (Views: 326.1ms | ActiveRecord: 1.2ms)


Started GET "/assets/application.css?body=1" for 127.0.0.1 at 2015-03-27 22:03:27 -0400
Served asset /application.css - 200 OK (2ms)


Started GET "/assets/jquery.js?body=1" for 127.0.0.1 at 2015-03-27 22:03:27 -0400
Served asset /jquery.js - 200 OK (19ms)


Started GET "/assets/application.js?body=1" for 127.0.0.1 at 2015-03-27 22:03:27 -0400
Served asset /application.js - 200 OK (11ms)


Started GET "/assets/jquery_ujs.js?body=1" for 127.0.0.1 at 2015-03-27 22:03:27 -0400
Served asset /jquery_ujs.js - 200 OK (6ms)


Started GET "/movies?ratings%5BG%5D=1&ratings%5BPG%5D=1&ratings%5BPG-13%5D=1&ratings%5BR%5D=1&sort_by=title" for 127.0.0.1 at 2015-03-27 22:03:31 -0400
Processing by MoviesController#index as HTML
  Parameters: {"ratings"=>{"G"=>"1", "PG"=>"1", "PG-13"=>"1", "R"=>"1"}, "sort_by"=>"title"}
  [1m[36mMovie Load (0.4ms)[0m  [1mSELECT DISTINCT rating FROM "movies" [0m
  [1m[35mMovie Load (0.5ms)[0m  SELECT "movies".* FROM "movies" WHERE "movies"."rating" IN ('G', 'PG', 'PG-13', 'R') ORDER BY title ASC
  Rendered movies/index.html.haml within layouts/application (16.5ms)
Completed 200 OK in 25.8ms (Views: 22.6ms | ActiveRecord: 0.8ms)


Started GET "/assets/jquery.js?body=1" for 127.0.0.1 at 2015-03-27 22:03:31 -0400
Served asset /jquery.js - 304 Not Modified (8ms)


Started GET "/assets/application.css?body=1" for 127.0.0.1 at 2015-03-27 22:03:31 -0400
Served asset /application.css - 304 Not Modified (0ms)


Started GET "/assets/jquery_ujs.js?body=1" for 127.0.0.1 at 2015-03-27 22:03:31 -0400
Served asset /jquery_ujs.js - 304 Not Modified (0ms)


Started GET "/assets/application.js?body=1" for 127.0.0.1 at 2015-03-27 22:03:31 -0400
Served asset /application.js - 304 Not Modified (0ms)


Started GET "/movies?utf8=%E2%9C%93&ratings%5BG%5D=1&ratings%5BR%5D=1&ratings%5BPG-13%5D=1&commit=Refresh" for 127.0.0.1 at 2015-03-27 22:03:44 -0400
Processing by MoviesController#index as HTML
  Parameters: {"utf8"=>"✓", "ratings"=>{"G"=>"1", "R"=>"1", "PG-13"=>"1"}, "commit"=>"Refresh"}
  [1m[36mMovie Load (0.2ms)[0m  [1mSELECT DISTINCT rating FROM "movies" [0m
Redirected to http://localhost:3000/movies?ratings%5BG%5D=1&ratings%5BPG-13%5D=1&ratings%5BR%5D=1&sort_by=title
Completed 302 Found in 2.3ms (ActiveRecord: 0.2ms)


Started GET "/movies?ratings%5BG%5D=1&ratings%5BPG-13%5D=1&ratings%5BR%5D=1&sort_by=title" for 127.0.0.1 at 2015-03-27 22:03:44 -0400
Processing by MoviesController#index as HTML
  Parameters: {"ratings"=>{"G"=>"1", "PG-13"=>"1", "R"=>"1"}, "sort_by"=>"title"}
  [1m[35mMovie Load (0.9ms)[0m  SELECT DISTINCT rating FROM "movies" 
  [1m[36mMovie Load (0.3ms)[0m  [1mSELECT "movies".* FROM "movies" WHERE "movies"."rating" IN ('G', 'PG-13', 'R') ORDER BY title ASC[0m
  Rendered movies/index.html.haml within layouts/application (4.7ms)
Completed 200 OK in 16.9ms (Views: 12.2ms | ActiveRecord: 1.2ms)


Started GET "/assets/application.css?body=1" for 127.0.0.1 at 2015-03-27 22:03:44 -0400
Served asset /application.css - 304 Not Modified (1ms)


Started GET "/assets/application.js?body=1" for 127.0.0.1 at 2015-03-27 22:03:44 -0400
Served asset /application.js - 304 Not Modified (0ms)


Started GET "/assets/jquery_ujs.js?body=1" for 127.0.0.1 at 2015-03-27 22:03:44 -0400
Served asset /jquery_ujs.js - 304 Not Modified (0ms)


Started GET "/assets/jquery.js?body=1" for 127.0.0.1 at 2015-03-27 22:03:44 -0400
Served asset /jquery.js - 304 Not Modified (0ms)


Started GET "/movies?ratings%5BG%5D=1&ratings%5BPG-13%5D=1&ratings%5BR%5D=1&sort_by=title" for 127.0.0.1 at 2015-03-27 22:03:49 -0400
Processing by MoviesController#index as HTML
  Parameters: {"ratings"=>{"G"=>"1", "PG-13"=>"1", "R"=>"1"}, "sort_by"=>"title"}
  [1m[35mMovie Load (0.2ms)[0m  SELECT DISTINCT rating FROM "movies" 
  [1m[36mMovie Load (1.1ms)[0m  [1mSELECT "movies".* FROM "movies" WHERE "movies"."rating" IN ('G', 'PG-13', 'R') ORDER BY title ASC[0m
  Rendered movies/index.html.haml within layouts/application (10.0ms)
Completed 200 OK in 15.7ms (Views: 13.7ms | ActiveRecord: 1.3ms)


Started GET "/assets/application.css?body=1" for 127.0.0.1 at 2015-03-27 22:03:49 -0400
Served asset /application.css - 304 Not Modified (0ms)


Started GET "/assets/jquery.js?body=1" for 127.0.0.1 at 2015-03-27 22:03:49 -0400
Served asset /jquery.js - 304 Not Modified (1ms)


Started GET "/assets/application.js?body=1" for 127.0.0.1 at 2015-03-27 22:03:49 -0400
Served asset /application.js - 304 Not Modified (2ms)


Started GET "/assets/jquery_ujs.js?body=1" for 127.0.0.1 at 2015-03-27 22:03:49 -0400
Served asset /jquery_ujs.js - 304 Not Modified (0ms)


Started GET "/movies?ratings%5BG%5D=1&ratings%5BPG-13%5D=1&ratings%5BR%5D=1&sort_by=title" for 127.0.0.1 at 2015-03-27 22:03:50 -0400
Processing by MoviesController#index as HTML
  Parameters: {"ratings"=>{"G"=>"1", "PG-13"=>"1", "R"=>"1"}, "sort_by"=>"title"}
  [1m[35mMovie Load (0.2ms)[0m  SELECT DISTINCT rating FROM "movies" 
  [1m[36mMovie Load (0.9ms)[0m  [1mSELECT "movies".* FROM "movies" WHERE "movies"."rating" IN ('G', 'PG-13', 'R') ORDER BY title ASC[0m
  Rendered movies/index.html.haml within layouts/application (10.6ms)
Completed 200 OK in 16.8ms (Views: 14.3ms | ActiveRecord: 1.1ms)


Started GET "/assets/jquery.js?body=1" for 127.0.0.1 at 2015-03-27 22:03:51 -0400
Served asset /jquery.js - 304 Not Modified (7ms)


Started GET "/assets/application.css?body=1" for 127.0.0.1 at 2015-03-27 22:03:51 -0400
Served asset /application.css - 304 Not Modified (0ms)


Started GET "/assets/jquery_ujs.js?body=1" for 127.0.0.1 at 2015-03-27 22:03:51 -0400
Served asset /jquery_ujs.js - 304 Not Modified (0ms)


Started GET "/assets/application.js?body=1" for 127.0.0.1 at 2015-03-27 22:03:51 -0400
Served asset /application.js - 304 Not Modified (1ms)


Started GET "/movies?ratings%5BG%5D=1&ratings%5BPG-13%5D=1&ratings%5BR%5D=1&sort_by=title" for 127.0.0.1 at 2015-03-27 22:03:51 -0400
Processing by MoviesController#index as HTML
  Parameters: {"ratings"=>{"G"=>"1", "PG-13"=>"1", "R"=>"1"}, "sort_by"=>"title"}
  [1m[35mMovie Load (0.6ms)[0m  SELECT DISTINCT rating FROM "movies" 
  [1m[36mMovie Load (0.5ms)[0m  [1mSELECT "movies".* FROM "movies" WHERE "movies"."rating" IN ('G', 'PG-13', 'R') ORDER BY title ASC[0m
  Rendered movies/index.html.haml within layouts/application (7.3ms)
Completed 200 OK in 16.6ms (Views: 12.9ms | ActiveRecord: 1.1ms)


Started GET "/assets/application.css?body=1" for 127.0.0.1 at 2015-03-27 22:03:52 -0400
Served asset /application.css - 304 Not Modified (0ms)


Started GET "/assets/jquery.js?body=1" for 127.0.0.1 at 2015-03-27 22:03:52 -0400
Served asset /jquery.js - 304 Not Modified (2ms)


Started GET "/assets/jquery_ujs.js?body=1" for 127.0.0.1 at 2015-03-27 22:03:52 -0400
Served asset /jquery_ujs.js - 304 Not Modified (0ms)


Started GET "/assets/application.js?body=1" for 127.0.0.1 at 2015-03-27 22:03:52 -0400
Served asset /application.js - 304 Not Modified (1ms)


Started GET "/movies?utf8=%E2%9C%93&ratings%5BG%5D=1&ratings%5BR%5D=1&ratings%5BPG-13%5D=1&ratings%5BPG%5D=on&commit=Refresh" for 127.0.0.1 at 2015-03-27 22:04:33 -0400
Processing by MoviesController#index as HTML
  Parameters: {"utf8"=>"✓", "ratings"=>{"G"=>"1", "R"=>"1", "PG-13"=>"1", "PG"=>"on"}, "commit"=>"Refresh"}
  [1m[35mMovie Load (0.2ms)[0m  SELECT DISTINCT rating FROM "movies" 
Redirected to http://localhost:3000/movies?ratings%5BG%5D=1&ratings%5BPG%5D=on&ratings%5BPG-13%5D=1&ratings%5BR%5D=1&sort_by=title
Completed 302 Found in 1.5ms (ActiveRecord: 0.2ms)


Started GET "/movies?ratings%5BG%5D=1&ratings%5BPG%5D=on&ratings%5BPG-13%5D=1&ratings%5BR%5D=1&sort_by=title" for 127.0.0.1 at 2015-03-27 22:04:33 -0400
Processing by MoviesController#index as HTML
  Parameters: {"ratings"=>{"G"=>"1", "PG"=>"on", "PG-13"=>"1", "R"=>"1"}, "sort_by"=>"title"}
  [1m[36mMovie Load (0.4ms)[0m  [1mSELECT DISTINCT rating FROM "movies" [0m
  [1m[35mMovie Load (0.5ms)[0m  SELECT "movies".* FROM "movies" WHERE "movies"."rating" IN ('G', 'PG', 'PG-13', 'R') ORDER BY title ASC
  Rendered movies/index.html.haml within layouts/application (7.4ms)
Completed 200 OK in 17.7ms (Views: 14.9ms | ActiveRecord: 0.8ms)


Started GET "/assets/application.css?body=1" for 127.0.0.1 at 2015-03-27 22:04:33 -0400
Served asset /application.css - 304 Not Modified (0ms)


Started GET "/assets/jquery.js?body=1" for 127.0.0.1 at 2015-03-27 22:04:33 -0400
Served asset /jquery.js - 304 Not Modified (0ms)


Started GET "/assets/jquery_ujs.js?body=1" for 127.0.0.1 at 2015-03-27 22:04:33 -0400
Served asset /jquery_ujs.js - 304 Not Modified (0ms)


Started GET "/assets/application.js?body=1" for 127.0.0.1 at 2015-03-27 22:04:33 -0400
Served asset /application.js - 304 Not Modified (1ms)


Started GET "/movies?ratings%5BG%5D=1&ratings%5BPG%5D=on&ratings%5BPG-13%5D=1&ratings%5BR%5D=1&sort_by=release_date" for 127.0.0.1 at 2015-03-27 22:07:58 -0400
Processing by MoviesController#index as HTML
  Parameters: {"ratings"=>{"G"=>"1", "PG"=>"on", "PG-13"=>"1", "R"=>"1"}, "sort_by"=>"release_date"}
  [1m[36mMovie Load (0.2ms)[0m  [1mSELECT DISTINCT rating FROM "movies" [0m
  [1m[35mMovie Load (0.4ms)[0m  SELECT "movies".* FROM "movies" WHERE "movies"."rating" IN ('G', 'PG', 'PG-13', 'R') ORDER BY release_date ASC
  Rendered movies/index.html.haml within layouts/application (9.9ms)
Completed 200 OK in 15.3ms (Views: 14.0ms | ActiveRecord: 0.5ms)


Started GET "/assets/application.css?body=1" for 127.0.0.1 at 2015-03-27 22:07:58 -0400
Served asset /application.css - 304 Not Modified (0ms)


Started GET "/assets/jquery.js?body=1" for 127.0.0.1 at 2015-03-27 22:07:58 -0400
Served asset /jquery.js - 304 Not Modified (4ms)


Started GET "/assets/jquery_ujs.js?body=1" for 127.0.0.1 at 2015-03-27 22:07:58 -0400
Served asset /jquery_ujs.js - 304 Not Modified (0ms)


Started GET "/assets/application.js?body=1" for 127.0.0.1 at 2015-03-27 22:07:58 -0400
Served asset /application.js - 304 Not Modified (1ms)


Started GET "/movies?ratings%5BG%5D=1&ratings%5BPG%5D=on&ratings%5BPG-13%5D=1&ratings%5BR%5D=1&sort_by=title" for 127.0.0.1 at 2015-03-27 22:08:01 -0400
Processing by MoviesController#index as HTML
  Parameters: {"ratings"=>{"G"=>"1", "PG"=>"on", "PG-13"=>"1", "R"=>"1"}, "sort_by"=>"title"}
  [1m[36mMovie Load (0.2ms)[0m  [1mSELECT DISTINCT rating FROM "movies" [0m
  [1m[35mMovie Load (0.3ms)[0m  SELECT "movies".* FROM "movies" WHERE "movies"."rating" IN ('G', 'PG', 'PG-13', 'R') ORDER BY title ASC
  Rendered movies/index.html.haml within layouts/application (6.2ms)
Completed 200 OK in 18.9ms (Views: 17.6ms | ActiveRecord: 0.4ms)


Started GET "/assets/jquery.js?body=1" for 127.0.0.1 at 2015-03-27 22:08:01 -0400
Served asset /jquery.js - 304 Not Modified (10ms)


Started GET "/assets/application.css?body=1" for 127.0.0.1 at 2015-03-27 22:08:01 -0400
Served asset /application.css - 304 Not Modified (0ms)


Started GET "/assets/jquery_ujs.js?body=1" for 127.0.0.1 at 2015-03-27 22:08:01 -0400
Served asset /jquery_ujs.js - 304 Not Modified (0ms)


Started GET "/assets/application.js?body=1" for 127.0.0.1 at 2015-03-27 22:08:01 -0400
Served asset /application.js - 304 Not Modified (3ms)


Started GET "/movies?ratings%5BG%5D=1&ratings%5BPG%5D=on&ratings%5BPG-13%5D=1&ratings%5BR%5D=1&sort_by=title" for 127.0.0.1 at 2015-03-27 22:08:41 -0400
Processing by MoviesController#index as HTML
  Parameters: {"ratings"=>{"G"=>"1", "PG"=>"on", "PG-13"=>"1", "R"=>"1"}, "sort_by"=>"title"}
  [1m[36mMovie Load (0.2ms)[0m  [1mSELECT DISTINCT rating FROM "movies" [0m
  [1m[35mMovie Load (0.6ms)[0m  SELECT "movies".* FROM "movies" WHERE "movies"."rating" IN ('G', 'PG', 'PG-13', 'R') ORDER BY title ASC
  Rendered movies/index.html.haml within layouts/application (10.7ms)
Completed 200 OK in 19.9ms (Views: 18.0ms | ActiveRecord: 0.7ms)


Started GET "/assets/application.css?body=1" for 127.0.0.1 at 2015-03-27 22:08:41 -0400
Served asset /application.css - 304 Not Modified (0ms)


Started GET "/assets/jquery.js?body=1" for 127.0.0.1 at 2015-03-27 22:08:41 -0400
Served asset /jquery.js - 304 Not Modified (1ms)


Started GET "/assets/application.js?body=1" for 127.0.0.1 at 2015-03-27 22:08:41 -0400
Served asset /application.js - 304 Not Modified (5ms)


Started GET "/assets/jquery_ujs.js?body=1" for 127.0.0.1 at 2015-03-27 22:08:41 -0400
Served asset /jquery_ujs.js - 304 Not Modified (0ms)


Started GET "/movies?utf8=%E2%9C%93&ratings%5BPG%5D=on&commit=Refresh" for 127.0.0.1 at 2015-03-27 22:08:49 -0400
Processing by MoviesController#index as HTML
  Parameters: {"utf8"=>"✓", "ratings"=>{"PG"=>"on"}, "commit"=>"Refresh"}
  [1m[36mMovie Load (0.2ms)[0m  [1mSELECT DISTINCT rating FROM "movies" [0m
Redirected to http://localhost:3000/movies?ratings%5BPG%5D=on&sort_by=title
Completed 302 Found in 2.2ms (ActiveRecord: 0.2ms)


Started GET "/movies?ratings%5BPG%5D=on&sort_by=title" for 127.0.0.1 at 2015-03-27 22:08:49 -0400
Processing by MoviesController#index as HTML
  Parameters: {"ratings"=>{"PG"=>"on"}, "sort_by"=>"title"}
  [1m[35mMovie Load (0.7ms)[0m  SELECT DISTINCT rating FROM "movies" 
  [1m[36mMovie Load (0.2ms)[0m  [1mSELECT "movies".* FROM "movies" WHERE "movies"."rating" IN ('PG') ORDER BY title ASC[0m
  Rendered movies/index.html.haml within layouts/application (3.2ms)
Completed 200 OK in 10.8ms (Views: 7.0ms | ActiveRecord: 0.9ms)


Started GET "/assets/application.css?body=1" for 127.0.0.1 at 2015-03-27 22:08:49 -0400
Served asset /application.css - 304 Not Modified (0ms)


Started GET "/assets/jquery.js?body=1" for 127.0.0.1 at 2015-03-27 22:08:49 -0400
Served asset /jquery.js - 304 Not Modified (6ms)


Started GET "/assets/jquery_ujs.js?body=1" for 127.0.0.1 at 2015-03-27 22:08:49 -0400
Served asset /jquery_ujs.js - 304 Not Modified (0ms)


Started GET "/assets/application.js?body=1" for 127.0.0.1 at 2015-03-27 22:08:49 -0400
Served asset /application.js - 304 Not Modified (0ms)


Started GET "/movies/8" for 127.0.0.1 at 2015-03-27 22:08:53 -0400
Processing by MoviesController#show as HTML
  Parameters: {"id"=>"8"}
  [1m[35mMovie Load (0.3ms)[0m  SELECT "movies".* FROM "movies" WHERE "movies"."id" = ? LIMIT 1  [["id", "8"]]
  Rendered movies/show.html.haml within layouts/application (9.2ms)
Completed 200 OK in 69.8ms (Views: 67.1ms | ActiveRecord: 0.3ms)


Started GET "/assets/application.css?body=1" for 127.0.0.1 at 2015-03-27 22:08:53 -0400
Served asset /application.css - 304 Not Modified (0ms)


Started GET "/assets/jquery_ujs.js?body=1" for 127.0.0.1 at 2015-03-27 22:08:53 -0400
Served asset /jquery_ujs.js - 304 Not Modified (0ms)


Started GET "/assets/jquery.js?body=1" for 127.0.0.1 at 2015-03-27 22:08:53 -0400
Served asset /jquery.js - 304 Not Modified (1ms)


Started GET "/assets/application.js?body=1" for 127.0.0.1 at 2015-03-27 22:08:53 -0400
Served asset /application.js - 304 Not Modified (1ms)


Started GET "/movies" for 127.0.0.1 at 2015-03-27 22:08:57 -0400
Processing by MoviesController#index as HTML
  [1m[36mMovie Load (0.3ms)[0m  [1mSELECT DISTINCT rating FROM "movies" [0m
Redirected to http://localhost:3000/movies?ratings%5BPG%5D=on&sort_by=title
Completed 302 Found in 2.2ms (ActiveRecord: 0.3ms)


Started GET "/movies?ratings%5BPG%5D=on&sort_by=title" for 127.0.0.1 at 2015-03-27 22:08:57 -0400
Processing by MoviesController#index as HTML
  Parameters: {"ratings"=>{"PG"=>"on"}, "sort_by"=>"title"}
  [1m[35mMovie Load (0.6ms)[0m  SELECT DISTINCT rating FROM "movies" 
  [1m[36mMovie Load (0.5ms)[0m  [1mSELECT "movies".* FROM "movies" WHERE "movies"."rating" IN ('PG') ORDER BY title ASC[0m
  Rendered movies/index.html.haml within layouts/application (6.6ms)
Completed 200 OK in 14.2ms (Views: 11.1ms | ActiveRecord: 1.0ms)


Started GET "/assets/application.css?body=1" for 127.0.0.1 at 2015-03-27 22:08:57 -0400
Served asset /application.css - 304 Not Modified (2ms)


Started GET "/assets/jquery_ujs.js?body=1" for 127.0.0.1 at 2015-03-27 22:08:57 -0400
Served asset /jquery_ujs.js - 304 Not Modified (0ms)


Started GET "/assets/jquery.js?body=1" for 127.0.0.1 at 2015-03-27 22:08:57 -0400
Served asset /jquery.js - 304 Not Modified (0ms)


Started GET "/assets/application.js?body=1" for 127.0.0.1 at 2015-03-27 22:08:57 -0400
Served asset /application.js - 304 Not Modified (1ms)


Started GET "/movies?utf8=%E2%9C%93&commit=Refresh" for 127.0.0.1 at 2015-03-27 22:10:22 -0400
Processing by MoviesController#index as HTML
  Parameters: {"utf8"=>"✓", "commit"=>"Refresh"}
  [1m[35mMovie Load (0.2ms)[0m  SELECT DISTINCT rating FROM "movies" 
Redirected to http://localhost:3000/movies?ratings%5BPG%5D=on&sort_by=title
Completed 302 Found in 1.5ms (ActiveRecord: 0.2ms)


Started GET "/movies?ratings%5BPG%5D=on&sort_by=title" for 127.0.0.1 at 2015-03-27 22:10:22 -0400
Processing by MoviesController#index as HTML
  Parameters: {"ratings"=>{"PG"=>"on"}, "sort_by"=>"title"}
  [1m[36mMovie Load (0.3ms)[0m  [1mSELECT DISTINCT rating FROM "movies" [0m
  [1m[35mMovie Load (0.2ms)[0m  SELECT "movies".* FROM "movies" WHERE "movies"."rating" IN ('PG') ORDER BY title ASC
  Rendered movies/index.html.haml within layouts/application (4.2ms)
Completed 200 OK in 20.6ms (Views: 11.0ms | ActiveRecord: 0.5ms)


Started GET "/assets/application.css?body=1" for 127.0.0.1 at 2015-03-27 22:10:22 -0400
Served asset /application.css - 304 Not Modified (0ms)


Started GET "/assets/jquery.js?body=1" for 127.0.0.1 at 2015-03-27 22:10:22 -0400
Served asset /jquery.js - 304 Not Modified (5ms)


Started GET "/assets/jquery_ujs.js?body=1" for 127.0.0.1 at 2015-03-27 22:10:22 -0400
Served asset /jquery_ujs.js - 304 Not Modified (1ms)


Started GET "/assets/application.js?body=1" for 127.0.0.1 at 2015-03-27 22:10:22 -0400
Served asset /application.js - 304 Not Modified (0ms)


Started GET "/movies?utf8=%E2%9C%93&commit=Refresh" for 127.0.0.1 at 2015-03-27 22:10:27 -0400
Processing by MoviesController#index as HTML
  Parameters: {"utf8"=>"✓", "commit"=>"Refresh"}
  [1m[36mMovie Load (0.2ms)[0m  [1mSELECT DISTINCT rating FROM "movies" [0m
Redirected to http://localhost:3000/movies?ratings%5BPG%5D=on&sort_by=title
Completed 302 Found in 1.6ms (ActiveRecord: 0.2ms)


Started GET "/movies?ratings%5BPG%5D=on&sort_by=title" for 127.0.0.1 at 2015-03-27 22:10:27 -0400
Processing by MoviesController#index as HTML
  Parameters: {"ratings"=>{"PG"=>"on"}, "sort_by"=>"title"}
  [1m[35mMovie Load (0.2ms)[0m  SELECT DISTINCT rating FROM "movies" 
  [1m[36mMovie Load (0.7ms)[0m  [1mSELECT "movies".* FROM "movies" WHERE "movies"."rating" IN ('PG') ORDER BY title ASC[0m
  Rendered movies/index.html.haml within layouts/application (6.2ms)
Completed 200 OK in 13.3ms (Views: 11.4ms | ActiveRecord: 1.0ms)


Started GET "/assets/application.css?body=1" for 127.0.0.1 at 2015-03-27 22:10:27 -0400
Served asset /application.css - 304 Not Modified (0ms)


Started GET "/assets/jquery.js?body=1" for 127.0.0.1 at 2015-03-27 22:10:27 -0400
Served asset /jquery.js - 304 Not Modified (1ms)


Started GET "/assets/application.js?body=1" for 127.0.0.1 at 2015-03-27 22:10:27 -0400
Served asset /application.js - 304 Not Modified (1ms)


Started GET "/assets/jquery_ujs.js?body=1" for 127.0.0.1 at 2015-03-27 22:10:27 -0400
Served asset /jquery_ujs.js - 304 Not Modified (0ms)


Started GET "/movies?ratings%5BPG%5D=on&sort_by=release_date" for 127.0.0.1 at 2015-03-27 22:26:38 -0400
Processing by MoviesController#index as HTML
  Parameters: {"ratings"=>{"PG"=>"on"}, "sort_by"=>"release_date"}
  [1m[35mMovie Load (0.2ms)[0m  SELECT DISTINCT rating FROM "movies" 
  [1m[36mMovie Load (0.3ms)[0m  [1mSELECT "movies".* FROM "movies" WHERE "movies"."rating" IN ('PG') ORDER BY release_date ASC[0m
  Rendered movies/index.html.haml within layouts/application (4.4ms)
Completed 200 OK in 11.9ms (Views: 10.5ms | ActiveRecord: 0.5ms)


Started GET "/assets/application.css?body=1" for 127.0.0.1 at 2015-03-27 22:26:38 -0400
Served asset /application.css - 200 OK (0ms)


Started GET "/assets/jquery.js?body=1" for 127.0.0.1 at 2015-03-27 22:26:38 -0400
Served asset /jquery.js - 200 OK (4ms)


Started GET "/assets/jquery_ujs.js?body=1" for 127.0.0.1 at 2015-03-27 22:26:38 -0400
Served asset /jquery_ujs.js - 200 OK (0ms)


Started GET "/assets/application.js?body=1" for 127.0.0.1 at 2015-03-27 22:26:38 -0400
Served asset /application.js - 200 OK (1ms)


Started GET "/movies/8" for 127.0.0.1 at 2015-03-27 22:26:41 -0400
Processing by MoviesController#show as HTML
  Parameters: {"id"=>"8"}
  [1m[35mMovie Load (0.1ms)[0m  SELECT "movies".* FROM "movies" WHERE "movies"."id" = ? LIMIT 1  [["id", "8"]]
  Rendered movies/show.html.haml within layouts/application (1.2ms)
Completed 200 OK in 7.1ms (Views: 6.2ms | ActiveRecord: 0.1ms)


Started GET "/assets/application.css?body=1" for 127.0.0.1 at 2015-03-27 22:26:41 -0400
Served asset /application.css - 304 Not Modified (0ms)


Started GET "/assets/jquery.js?body=1" for 127.0.0.1 at 2015-03-27 22:26:41 -0400
Served asset /jquery.js - 304 Not Modified (2ms)


Started GET "/assets/jquery_ujs.js?body=1" for 127.0.0.1 at 2015-03-27 22:26:41 -0400
Served asset /jquery_ujs.js - 304 Not Modified (0ms)


Started GET "/assets/application.js?body=1" for 127.0.0.1 at 2015-03-27 22:26:41 -0400
Served asset /application.js - 304 Not Modified (0ms)


Started GET "/movies" for 127.0.0.1 at 2015-03-27 22:26:44 -0400
Processing by MoviesController#index as HTML
  [1m[36mMovie Load (0.2ms)[0m  [1mSELECT DISTINCT rating FROM "movies" [0m
Redirected to http://localhost:3000/movies?ratings%5BPG%5D=on&sort_by=release_date
Completed 302 Found in 2.0ms (ActiveRecord: 0.2ms)


Started GET "/movies?ratings%5BPG%5D=on&sort_by=release_date" for 127.0.0.1 at 2015-03-27 22:26:44 -0400
Processing by MoviesController#index as HTML
  Parameters: {"ratings"=>{"PG"=>"on"}, "sort_by"=>"release_date"}
  [1m[35mMovie Load (0.5ms)[0m  SELECT DISTINCT rating FROM "movies" 
  [1m[36mMovie Load (0.3ms)[0m  [1mSELECT "movies".* FROM "movies" WHERE "movies"."rating" IN ('PG') ORDER BY release_date ASC[0m
  Rendered movies/index.html.haml within layouts/application (6.2ms)
Completed 200 OK in 15.6ms (Views: 13.4ms | ActiveRecord: 0.9ms)


Started GET "/assets/jquery.js?body=1" for 127.0.0.1 at 2015-03-27 22:26:44 -0400
Served asset /jquery.js - 304 Not Modified (8ms)


Started GET "/assets/application.css?body=1" for 127.0.0.1 at 2015-03-27 22:26:44 -0400
Served asset /application.css - 304 Not Modified (0ms)


Started GET "/assets/jquery_ujs.js?body=1" for 127.0.0.1 at 2015-03-27 22:26:44 -0400
Served asset /jquery_ujs.js - 304 Not Modified (0ms)


Started GET "/assets/application.js?body=1" for 127.0.0.1 at 2015-03-27 22:26:44 -0400
Served asset /application.js - 304 Not Modified (1ms)


Started GET "/movies?utf8=%E2%9C%93&commit=Refresh" for 127.0.0.1 at 2015-03-27 22:26:52 -0400
Processing by MoviesController#index as HTML
  Parameters: {"utf8"=>"✓", "commit"=>"Refresh"}
  [1m[35mMovie Load (0.2ms)[0m  SELECT DISTINCT rating FROM "movies" 
Redirected to http://localhost:3000/movies?ratings%5BPG%5D=on&sort_by=release_date
Completed 302 Found in 55.9ms (ActiveRecord: 0.2ms)


Started GET "/movies?ratings%5BPG%5D=on&sort_by=release_date" for 127.0.0.1 at 2015-03-27 22:26:52 -0400
Processing by MoviesController#index as HTML
  Parameters: {"ratings"=>{"PG"=>"on"}, "sort_by"=>"release_date"}
  [1m[36mMovie Load (0.5ms)[0m  [1mSELECT DISTINCT rating FROM "movies" [0m
  [1m[35mMovie Load (0.3ms)[0m  SELECT "movies".* FROM "movies" WHERE "movies"."rating" IN ('PG') ORDER BY release_date ASC
  Rendered movies/index.html.haml within layouts/application (4.6ms)
Completed 200 OK in 13.8ms (Views: 11.7ms | ActiveRecord: 0.8ms)


Started GET "/assets/application.css?body=1" for 127.0.0.1 at 2015-03-27 22:26:52 -0400
Served asset /application.css - 304 Not Modified (0ms)


Started GET "/assets/jquery.js?body=1" for 127.0.0.1 at 2015-03-27 22:26:52 -0400
Served asset /jquery.js - 304 Not Modified (1ms)


Started GET "/assets/jquery_ujs.js?body=1" for 127.0.0.1 at 2015-03-27 22:26:52 -0400
Served asset /jquery_ujs.js - 304 Not Modified (0ms)


Started GET "/assets/application.js?body=1" for 127.0.0.1 at 2015-03-27 22:26:52 -0400
Served asset /application.js - 304 Not Modified (1ms)


Started GET "/movies?utf8=%E2%9C%93&ratings%5BR%5D=on&ratings%5BPG%5D=on&commit=Refresh" for 127.0.0.1 at 2015-03-27 22:26:56 -0400
Processing by MoviesController#index as HTML
  Parameters: {"utf8"=>"✓", "ratings"=>{"R"=>"on", "PG"=>"on"}, "commit"=>"Refresh"}
  [1m[36mMovie Load (0.2ms)[0m  [1mSELECT DISTINCT rating FROM "movies" [0m
Redirected to http://localhost:3000/movies?ratings%5BPG%5D=on&ratings%5BR%5D=on&sort_by=release_date
Completed 302 Found in 1.4ms (ActiveRecord: 0.2ms)


Started GET "/movies?ratings%5BPG%5D=on&ratings%5BR%5D=on&sort_by=release_date" for 127.0.0.1 at 2015-03-27 22:26:56 -0400
Processing by MoviesController#index as HTML
  Parameters: {"ratings"=>{"PG"=>"on", "R"=>"on"}, "sort_by"=>"release_date"}
  [1m[35mMovie Load (0.3ms)[0m  SELECT DISTINCT rating FROM "movies" 
  [1m[36mMovie Load (0.7ms)[0m  [1mSELECT "movies".* FROM "movies" WHERE "movies"."rating" IN ('PG', 'R') ORDER BY release_date ASC[0m
  Rendered movies/index.html.haml within layouts/application (19.1ms)
Completed 200 OK in 24.6ms (Views: 22.4ms | ActiveRecord: 0.9ms)


Started GET "/assets/jquery.js?body=1" for 127.0.0.1 at 2015-03-27 22:26:56 -0400
Served asset /jquery.js - 304 Not Modified (0ms)


Started GET "/assets/application.css?body=1" for 127.0.0.1 at 2015-03-27 22:26:56 -0400
Served asset /application.css - 304 Not Modified (0ms)


Started GET "/assets/jquery_ujs.js?body=1" for 127.0.0.1 at 2015-03-27 22:26:56 -0400
Served asset /jquery_ujs.js - 304 Not Modified (0ms)


Started GET "/assets/application.js?body=1" for 127.0.0.1 at 2015-03-27 22:26:56 -0400
Served asset /application.js - 304 Not Modified (1ms)


Started GET "/movies?utf8=%E2%9C%93&ratings%5BR%5D=on&ratings%5BPG%5D=on&commit=Refresh" for 127.0.0.1 at 2015-03-27 22:27:05 -0400
Processing by MoviesController#index as HTML
  Parameters: {"utf8"=>"✓", "ratings"=>{"R"=>"on", "PG"=>"on"}, "commit"=>"Refresh"}
  [1m[35mMovie Load (0.2ms)[0m  SELECT DISTINCT rating FROM "movies" 
Redirected to http://localhost:3000/movies?ratings%5BPG%5D=on&ratings%5BR%5D=on&sort_by=release_date
Completed 302 Found in 1.8ms (ActiveRecord: 0.2ms)


Started GET "/movies?ratings%5BPG%5D=on&ratings%5BR%5D=on&sort_by=release_date" for 127.0.0.1 at 2015-03-27 22:27:05 -0400
Processing by MoviesController#index as HTML
  Parameters: {"ratings"=>{"PG"=>"on", "R"=>"on"}, "sort_by"=>"release_date"}
  [1m[36mMovie Load (0.7ms)[0m  [1mSELECT DISTINCT rating FROM "movies" [0m
  [1m[35mMovie Load (0.3ms)[0m  SELECT "movies".* FROM "movies" WHERE "movies"."rating" IN ('PG', 'R') ORDER BY release_date ASC
  Rendered movies/index.html.haml within layouts/application (8.8ms)
Completed 200 OK in 22.2ms (Views: 18.8ms | ActiveRecord: 1.0ms)


Started GET "/assets/jquery.js?body=1" for 127.0.0.1 at 2015-03-27 22:27:05 -0400
Served asset /jquery.js - 304 Not Modified (4ms)


Started GET "/assets/application.css?body=1" for 127.0.0.1 at 2015-03-27 22:27:05 -0400
Served asset /application.css - 304 Not Modified (0ms)


Started GET "/assets/jquery_ujs.js?body=1" for 127.0.0.1 at 2015-03-27 22:27:05 -0400
Served asset /jquery_ujs.js - 304 Not Modified (0ms)


Started GET "/assets/application.js?body=1" for 127.0.0.1 at 2015-03-27 22:27:05 -0400
Served asset /application.js - 304 Not Modified (1ms)
